{"uuid":"dbfa608f-1068-49d8-b346-b54dbc029233","historyId":"bd8cefa16d7d34af1a7a22ae81e9a00a","fullName":"cloud.order.dk.WxIsvDk.wxisvdk","labels":[{"name":"package","value":"cloud.order.dk.WxIsvDk"},{"name":"testClass","value":"cloud.order.dk.WxIsvDk"},{"name":"testMethod","value":"wxisvdk"},{"name":"parentSuite","value":"Suite_all"},{"name":"suite","value":"springbootorder"},{"name":"subSuite","value":"cloud.order.dk.WxIsvDk"},{"name":"host","value":"Administrator"},{"name":"thread","value":"54024@Administrator.main(1)"}],"links":[],"name":"微信代扣","status":"broken","statusDetails":{"known":false,"muted":false,"flaky":false,"message":"\r\n### Error querying database.  Cause: java.sql.SQLSyntaxErrorException: You have an error in your SQL syntax; check the manual that corresponds to your MySQL server version for the right syntax to use near '=' \"2020-01-07 16:12:04\" ' LIMIT 1' at line 1\r\n### The error may exist in file [F:\\workspace\\CloudOrderApiTest\\target\\classes\\mappers\\OrderMapper.xml]\r\n### The error may involve org.zt.mybatis.dao.OrderMapper.getdkorder-Inline\r\n### The error occurred while setting parameters\r\n### SQL: select ORDER_NO from cp_order_main where CAR_NO=? and ORDER_STATUS=-1 and CREATE_TIME > =? LIMIT 1\r\n### Cause: java.sql.SQLSyntaxErrorException: You have an error in your SQL syntax; check the manual that corresponds to your MySQL server version for the right syntax to use near '=' \"2020-01-07 16:12:04\" ' LIMIT 1' at line 1\n; bad SQL grammar []; nested exception is java.sql.SQLSyntaxErrorException: You have an error in your SQL syntax; check the manual that corresponds to your MySQL server version for the right syntax to use near '=' \"2020-01-07 16:12:04\" ' LIMIT 1' at line 1","trace":"org.springframework.jdbc.BadSqlGrammarException: \r\n### Error querying database.  Cause: java.sql.SQLSyntaxErrorException: You have an error in your SQL syntax; check the manual that corresponds to your MySQL server version for the right syntax to use near '=' \"2020-01-07 16:12:04\" ' LIMIT 1' at line 1\r\n### The error may exist in file [F:\\workspace\\CloudOrderApiTest\\target\\classes\\mappers\\OrderMapper.xml]\r\n### The error may involve org.zt.mybatis.dao.OrderMapper.getdkorder-Inline\r\n### The error occurred while setting parameters\r\n### SQL: select ORDER_NO from cp_order_main where CAR_NO=? and ORDER_STATUS=-1 and CREATE_TIME > =? LIMIT 1\r\n### Cause: java.sql.SQLSyntaxErrorException: You have an error in your SQL syntax; check the manual that corresponds to your MySQL server version for the right syntax to use near '=' \"2020-01-07 16:12:04\" ' LIMIT 1' at line 1\n; bad SQL grammar []; nested exception is java.sql.SQLSyntaxErrorException: You have an error in your SQL syntax; check the manual that corresponds to your MySQL server version for the right syntax to use near '=' \"2020-01-07 16:12:04\" ' LIMIT 1' at line 1\r\n\tat org.springframework.jdbc.support.SQLErrorCodeSQLExceptionTranslator.doTranslate(SQLErrorCodeSQLExceptionTranslator.java:234)\r\n\tat org.springframework.jdbc.support.AbstractFallbackSQLExceptionTranslator.translate(AbstractFallbackSQLExceptionTranslator.java:72)\r\n\tat org.mybatis.spring.MyBatisExceptionTranslator.translateExceptionIfPossible(MyBatisExceptionTranslator.java:88)\r\n\tat org.mybatis.spring.SqlSessionTemplate$SqlSessionInterceptor.invoke(SqlSessionTemplate.java:440)\r\n\tat com.sun.proxy.$Proxy83.selectOne(Unknown Source)\r\n\tat org.mybatis.spring.SqlSessionTemplate.selectOne(SqlSessionTemplate.java:159)\r\n\tat org.apache.ibatis.binding.MapperMethod.execute(MapperMethod.java:87)\r\n\tat org.apache.ibatis.binding.MapperProxy.invoke(MapperProxy.java:93)\r\n\tat com.sun.proxy.$Proxy84.getdkorder(Unknown Source)\r\n\tat org.zt.mybatis.service.impl.OrderServiceImpl.getdkorder(OrderServiceImpl.java:23)\r\n\tat org.zt.mybatis.controller.OrderController.dkorder(OrderController.java:46)\r\n\tat cloud.order.dk.WxIsvDk.wxisvdk(WxIsvDk.java:48)\r\n\tat sun.reflect.NativeMethodAccessorImpl.invoke0(Native Method)\r\n\tat sun.reflect.NativeMethodAccessorImpl.invoke(NativeMethodAccessorImpl.java:62)\r\n\tat sun.reflect.DelegatingMethodAccessorImpl.invoke(DelegatingMethodAccessorImpl.java:43)\r\n\tat java.lang.reflect.Method.invoke(Method.java:498)\r\n\tat org.testng.internal.MethodInvocationHelper.invokeMethod(MethodInvocationHelper.java:124)\r\n\tat org.testng.internal.MethodInvocationHelper$1.runTestMethod(MethodInvocationHelper.java:230)\r\n\tat org.springframework.test.context.testng.AbstractTestNGSpringContextTests.run(AbstractTestNGSpringContextTests.java:180)\r\n\tat org.testng.internal.MethodInvocationHelper.invokeHookable(MethodInvocationHelper.java:242)\r\n\tat org.testng.internal.Invoker.invokeMethod(Invoker.java:579)\r\n\tat org.testng.internal.Invoker.invokeTestMethod(Invoker.java:719)\r\n\tat org.testng.internal.Invoker.invokeTestMethods(Invoker.java:989)\r\n\tat org.testng.internal.TestMethodWorker.invokeTestMethods(TestMethodWorker.java:125)\r\n\tat org.testng.internal.TestMethodWorker.run(TestMethodWorker.java:109)\r\n\tat org.testng.TestRunner.privateRun(TestRunner.java:648)\r\n\tat org.testng.TestRunner.run(TestRunner.java:505)\r\n\tat org.testng.SuiteRunner.runTest(SuiteRunner.java:455)\r\n\tat org.testng.SuiteRunner.runSequentially(SuiteRunner.java:450)\r\n\tat org.testng.SuiteRunner.privateRun(SuiteRunner.java:415)\r\n\tat org.testng.SuiteRunner.run(SuiteRunner.java:364)\r\n\tat org.testng.SuiteRunnerWorker.runSuite(SuiteRunnerWorker.java:52)\r\n\tat org.testng.SuiteRunnerWorker.run(SuiteRunnerWorker.java:84)\r\n\tat org.testng.TestNG.runSuitesSequentially(TestNG.java:1208)\r\n\tat org.testng.TestNG.runSuitesLocally(TestNG.java:1137)\r\n\tat org.testng.TestNG.runSuites(TestNG.java:1049)\r\n\tat org.testng.TestNG.run(TestNG.java:1017)\r\n\tat org.testng.IDEARemoteTestNG.run(IDEARemoteTestNG.java:72)\r\n\tat org.testng.RemoteTestNGStarter.main(RemoteTestNGStarter.java:123)\r\nCaused by: java.sql.SQLSyntaxErrorException: You have an error in your SQL syntax; check the manual that corresponds to your MySQL server version for the right syntax to use near '=' \"2020-01-07 16:12:04\" ' LIMIT 1' at line 1\r\n\tat com.mysql.cj.jdbc.exceptions.SQLError.createSQLException(SQLError.java:120)\r\n\tat com.mysql.cj.jdbc.exceptions.SQLError.createSQLException(SQLError.java:97)\r\n\tat com.mysql.cj.jdbc.exceptions.SQLExceptionsMapping.translateException(SQLExceptionsMapping.java:122)\r\n\tat com.mysql.cj.jdbc.ClientPreparedStatement.executeInternal(ClientPreparedStatement.java:953)\r\n\tat com.mysql.cj.jdbc.ClientPreparedStatement.execute(ClientPreparedStatement.java:370)\r\n\tat com.zaxxer.hikari.pool.ProxyPreparedStatement.execute(ProxyPreparedStatement.java:44)\r\n\tat com.zaxxer.hikari.pool.HikariProxyPreparedStatement.execute(HikariProxyPreparedStatement.java)\r\n\tat org.apache.ibatis.executor.statement.PreparedStatementHandler.query(PreparedStatementHandler.java:64)\r\n\tat org.apache.ibatis.executor.statement.RoutingStatementHandler.query(RoutingStatementHandler.java:79)\r\n\tat org.apache.ibatis.executor.SimpleExecutor.doQuery(SimpleExecutor.java:63)\r\n\tat org.apache.ibatis.executor.BaseExecutor.queryFromDatabase(BaseExecutor.java:324)\r\n\tat org.apache.ibatis.executor.BaseExecutor.query(BaseExecutor.java:156)\r\n\tat org.apache.ibatis.executor.CachingExecutor.query(CachingExecutor.java:109)\r\n\tat org.apache.ibatis.executor.CachingExecutor.query(CachingExecutor.java:83)\r\n\tat org.apache.ibatis.session.defaults.DefaultSqlSession.selectList(DefaultSqlSession.java:147)\r\n\tat org.apache.ibatis.session.defaults.DefaultSqlSession.selectList(DefaultSqlSession.java:140)\r\n\tat org.apache.ibatis.session.defaults.DefaultSqlSession.selectOne(DefaultSqlSession.java:76)\r\n\tat sun.reflect.NativeMethodAccessorImpl.invoke0(Native Method)\r\n\tat sun.reflect.NativeMethodAccessorImpl.invoke(NativeMethodAccessorImpl.java:62)\r\n\tat sun.reflect.DelegatingMethodAccessorImpl.invoke(DelegatingMethodAccessorImpl.java:43)\r\n\tat java.lang.reflect.Method.invoke(Method.java:498)\r\n\tat org.mybatis.spring.SqlSessionTemplate$SqlSessionInterceptor.invoke(SqlSessionTemplate.java:426)\r\n\t... 35 more\r\n"},"stage":"finished","start":1578384726190,"stop":1578384731023,"parameters":[]}