<?xml version="1.0" encoding="UTF-8"?>
<testsuite name="springbootorder"
           tests="1"
           failures="1"
           errors="0"
           skipped="0"
           time="5.058">
  <properties />
            <testcase name="wxisvdk" time="5.058" classname="cloud.order.dk.WxIsvDk">
                <failure type="org.mybatis.spring.MyBatisSystemException"
                  message="nested exception is org.apache.ibatis.binding.BindingException: Parameter &apos;createTime&apos; not found. Available parameters are [arg1, arg0, param1, param2]"
              >
<![CDATA[org.mybatis.spring.MyBatisSystemException: nested exception is org.apache.ibatis.binding.BindingException: Parameter 'createTime' not found. Available parameters are [arg1, arg0, param1, param2]
  org.mybatis.spring.MyBatisExceptionTranslator.translateExceptionIfPossible(MyBatisExceptionTranslator.java:92)
  org.mybatis.spring.SqlSessionTemplate$SqlSessionInterceptor.invoke(SqlSessionTemplate.java:440)
  com.sun.proxy.$Proxy83.selectOne(Unknown Source)
  org.mybatis.spring.SqlSessionTemplate.selectOne(SqlSessionTemplate.java:159)
  org.apache.ibatis.binding.MapperMethod.execute(MapperMethod.java:87)
  org.apache.ibatis.binding.MapperProxy.invoke(MapperProxy.java:93)
  com.sun.proxy.$Proxy84.getdkorder(Unknown Source)
  org.zt.mybatis.service.impl.OrderServiceImpl.getdkorder(OrderServiceImpl.java:23)
  org.zt.mybatis.controller.OrderController.dkorder(OrderController.java:46)
  cloud.order.dk.WxIsvDk.wxisvdk(WxIsvDk.java:48)
  sun.reflect.NativeMethodAccessorImpl.invoke0(Native Method)
  sun.reflect.NativeMethodAccessorImpl.invoke(NativeMethodAccessorImpl.java:62)
  sun.reflect.DelegatingMethodAccessorImpl.invoke(DelegatingMethodAccessorImpl.java:43)
  java.lang.reflect.Method.invoke(Method.java:498)
  org.testng.internal.MethodInvocationHelper.invokeMethod(MethodInvocationHelper.java:124)
  org.testng.internal.MethodInvocationHelper$1.runTestMethod(MethodInvocationHelper.java:230)
  org.springframework.test.context.testng.AbstractTestNGSpringContextTests.run(AbstractTestNGSpringContextTests.java:180)
  org.testng.internal.MethodInvocationHelper.invokeHookable(MethodInvocationHelper.java:242)
  org.testng.internal.Invoker.invokeMethod(Invoker.java:579)
  org.testng.internal.Invoker.invokeTestMethod(Invoker.java:719)
  org.testng.internal.Invoker.invokeTestMethods(Invoker.java:989)
  org.testng.internal.TestMethodWorker.invokeTestMethods(TestMethodWorker.java:125)
  org.testng.internal.TestMethodWorker.run(TestMethodWorker.java:109)
  org.testng.TestRunner.privateRun(TestRunner.java:648)
  org.testng.TestRunner.run(TestRunner.java:505)
  org.testng.SuiteRunner.runTest(SuiteRunner.java:455)
  org.testng.SuiteRunner.runSequentially(SuiteRunner.java:450)
  org.testng.SuiteRunner.privateRun(SuiteRunner.java:415)
  org.testng.SuiteRunner.run(SuiteRunner.java:364)
  org.testng.SuiteRunnerWorker.runSuite(SuiteRunnerWorker.java:52)
  org.testng.SuiteRunnerWorker.run(SuiteRunnerWorker.java:84)
  org.testng.TestNG.runSuitesSequentially(TestNG.java:1208)
  org.testng.TestNG.runSuitesLocally(TestNG.java:1137)
  org.testng.TestNG.runSuites(TestNG.java:1049)
  org.testng.TestNG.run(TestNG.java:1017)
  org.testng.IDEARemoteTestNG.run(IDEARemoteTestNG.java:72)
  org.testng.RemoteTestNGStarter.main(RemoteTestNGStarter.java:123)
Caused by: org.apache.ibatis.binding.BindingException: Parameter 'createTime' not found. Available parameters are [arg1, arg0, param1, param2]
  org.apache.ibatis.binding.MapperMethod$ParamMap.get(MapperMethod.java:212)
  org.apache.ibatis.scripting.xmltags.DynamicContext$ContextAccessor.getProperty(DynamicContext.java:120)
  org.apache.ibatis.ognl.OgnlRuntime.getProperty(OgnlRuntime.java:2719)
  org.apache.ibatis.ognl.ASTProperty.getValueBody(ASTProperty.java:114)
  org.apache.ibatis.ognl.SimpleNode.evaluateGetValueBody(SimpleNode.java:212)
  org.apache.ibatis.ognl.SimpleNode.getValue(SimpleNode.java:258)
  org.apache.ibatis.ognl.Ognl.getValue(Ognl.java:493)
  org.apache.ibatis.ognl.Ognl.getValue(Ognl.java:457)
  org.apache.ibatis.scripting.xmltags.OgnlCache.getValue(OgnlCache.java:46)
  org.apache.ibatis.scripting.xmltags.TextSqlNode$BindingTokenParser.handleToken(TextSqlNode.java:77)
  org.apache.ibatis.parsing.GenericTokenParser.parse(GenericTokenParser.java:77)
  org.apache.ibatis.scripting.xmltags.TextSqlNode.apply(TextSqlNode.java:51)
  org.apache.ibatis.scripting.xmltags.MixedSqlNode.lambda$apply$0(MixedSqlNode.java:32)
  java.util.ArrayList.forEach(ArrayList.java:1255)
  org.apache.ibatis.scripting.xmltags.MixedSqlNode.apply(MixedSqlNode.java:32)
  org.apache.ibatis.scripting.xmltags.DynamicSqlSource.getBoundSql(DynamicSqlSource.java:39)
  org.apache.ibatis.mapping.MappedStatement.getBoundSql(MappedStatement.java:297)
  org.apache.ibatis.executor.CachingExecutor.query(CachingExecutor.java:81)
  org.apache.ibatis.session.defaults.DefaultSqlSession.selectList(DefaultSqlSession.java:147)
  org.apache.ibatis.session.defaults.DefaultSqlSession.selectList(DefaultSqlSession.java:140)
  org.apache.ibatis.session.defaults.DefaultSqlSession.selectOne(DefaultSqlSession.java:76)
  sun.reflect.NativeMethodAccessorImpl.invoke0(Native Method)
  sun.reflect.NativeMethodAccessorImpl.invoke(NativeMethodAccessorImpl.java:62)
  sun.reflect.DelegatingMethodAccessorImpl.invoke(DelegatingMethodAccessorImpl.java:43)
  java.lang.reflect.Method.invoke(Method.java:498)
  org.mybatis.spring.SqlSessionTemplate$SqlSessionInterceptor.invoke(SqlSessionTemplate.java:426)
  com.sun.proxy.$Proxy83.selectOne(Unknown Source)
  org.mybatis.spring.SqlSessionTemplate.selectOne(SqlSessionTemplate.java:159)
  org.apache.ibatis.binding.MapperMethod.execute(MapperMethod.java:87)
  org.apache.ibatis.binding.MapperProxy.invoke(MapperProxy.java:93)
  com.sun.proxy.$Proxy84.getdkorder(Unknown Source)
  org.zt.mybatis.service.impl.OrderServiceImpl.getdkorder(OrderServiceImpl.java:23)
  org.zt.mybatis.controller.OrderController.dkorder(OrderController.java:46)
  cloud.order.dk.WxIsvDk.wxisvdk(WxIsvDk.java:48)
  sun.reflect.NativeMethodAccessorImpl.invoke0(Native Method)
  sun.reflect.NativeMethodAccessorImpl.invoke(NativeMethodAccessorImpl.java:62)
  sun.reflect.DelegatingMethodAccessorImpl.invoke(DelegatingMethodAccessorImpl.java:43)
  java.lang.reflect.Method.invoke(Method.java:498)
  org.testng.internal.MethodInvocationHelper.invokeMethod(MethodInvocationHelper.java:124)
  org.testng.internal.MethodInvocationHelper$1.runTestMethod(MethodInvocationHelper.java:230)
  org.springframework.test.context.testng.AbstractTestNGSpringContextTests.run(AbstractTestNGSpringContextTests.java:180)
  org.testng.internal.MethodInvocationHelper.invokeHookable(MethodInvocationHelper.java:242)
  org.testng.internal.Invoker.invokeMethod(Invoker.java:579)
  org.testng.internal.Invoker.invokeTestMethod(Invoker.java:719)
  org.testng.internal.Invoker.invokeTestMethods(Invoker.java:989)
  org.testng.internal.TestMethodWorker.invokeTestMethods(TestMethodWorker.java:125)
  org.testng.internal.TestMethodWorker.run(TestMethodWorker.java:109)
  org.testng.TestRunner.privateRun(TestRunner.java:648)
  org.testng.TestRunner.run(TestRunner.java:505)
  org.testng.SuiteRunner.runTest(SuiteRunner.java:455)
  org.testng.SuiteRunner.runSequentially(SuiteRunner.java:450)
  org.testng.SuiteRunner.privateRun(SuiteRunner.java:415)
  org.testng.SuiteRunner.run(SuiteRunner.java:364)
  org.testng.SuiteRunnerWorker.runSuite(SuiteRunnerWorker.java:52)
  org.testng.SuiteRunnerWorker.run(SuiteRunnerWorker.java:84)
  org.testng.TestNG.runSuitesSequentially(TestNG.java:1208)
  org.testng.TestNG.runSuitesLocally(TestNG.java:1137)
  org.testng.TestNG.runSuites(TestNG.java:1049)
  org.testng.TestNG.run(TestNG.java:1017)
  org.testng.IDEARemoteTestNG.run(IDEARemoteTestNG.java:72)
  org.testng.RemoteTestNGStarter.main(RemoteTestNGStarter.java:123)
]]>
      </failure>

          </testcase>
  
  
  
</testsuite>
